<?xml version="1.0" encoding="UTF-8"?>
<testsuite xmlns:xsi="http://www.w3.org/2001/XMLSchema-instance" xsi:noNamespaceSchemaLocation="https://maven.apache.org/surefire/maven-surefire-plugin/xsd/surefire-test-report-3.0.xsd" version="3.0" name="com.example.spring_demo.integratieTests.ProductControllerTest" time="7.475" tests="7" errors="0" skipped="0" failures="0">
  <properties>
    <property name="java.specification.version" value="21"/>
    <property name="sun.jnu.encoding" value="UTF-8"/>
    <property name="java.class.path" value="/Users/stefanvanechtelt/Documents/projects/java_magazine_testcontainers/spring-demo/Spring demo/target/test-classes:/Users/stefanvanechtelt/Documents/projects/java_magazine_testcontainers/spring-demo/Spring demo/target/classes:/Users/stefanvanechtelt/.m2/repository/org/springframework/boot/spring-boot-starter-web/3.3.5/spring-boot-starter-web-3.3.5.jar:/Users/stefanvanechtelt/.m2/repository/org/springframework/boot/spring-boot-starter/3.3.5/spring-boot-starter-3.3.5.jar:/Users/stefanvanechtelt/.m2/repository/org/springframework/boot/spring-boot/3.3.5/spring-boot-3.3.5.jar:/Users/stefanvanechtelt/.m2/repository/org/springframework/boot/spring-boot-starter-logging/3.3.5/spring-boot-starter-logging-3.3.5.jar:/Users/stefanvanechtelt/.m2/repository/org/apache/logging/log4j/log4j-to-slf4j/2.23.1/log4j-to-slf4j-2.23.1.jar:/Users/stefanvanechtelt/.m2/repository/org/apache/logging/log4j/log4j-api/2.23.1/log4j-api-2.23.1.jar:/Users/stefanvanechtelt/.m2/repository/org/slf4j/jul-to-slf4j/2.0.16/jul-to-slf4j-2.0.16.jar:/Users/stefanvanechtelt/.m2/repository/jakarta/annotation/jakarta.annotation-api/2.1.1/jakarta.annotation-api-2.1.1.jar:/Users/stefanvanechtelt/.m2/repository/org/yaml/snakeyaml/2.2/snakeyaml-2.2.jar:/Users/stefanvanechtelt/.m2/repository/org/springframework/boot/spring-boot-starter-json/3.3.5/spring-boot-starter-json-3.3.5.jar:/Users/stefanvanechtelt/.m2/repository/com/fasterxml/jackson/datatype/jackson-datatype-jdk8/2.17.2/jackson-datatype-jdk8-2.17.2.jar:/Users/stefanvanechtelt/.m2/repository/com/fasterxml/jackson/datatype/jackson-datatype-jsr310/2.17.2/jackson-datatype-jsr310-2.17.2.jar:/Users/stefanvanechtelt/.m2/repository/com/fasterxml/jackson/module/jackson-module-parameter-names/2.17.2/jackson-module-parameter-names-2.17.2.jar:/Users/stefanvanechtelt/.m2/repository/org/springframework/boot/spring-boot-starter-tomcat/3.3.5/spring-boot-starter-tomcat-3.3.5.jar:/Users/stefanvanechtelt/.m2/repository/org/apache/tomcat/embed/tomcat-embed-core/10.1.31/tomcat-embed-core-10.1.31.jar:/Users/stefanvanechtelt/.m2/repository/org/apache/tomcat/embed/tomcat-embed-el/10.1.31/tomcat-embed-el-10.1.31.jar:/Users/stefanvanechtelt/.m2/repository/org/apache/tomcat/embed/tomcat-embed-websocket/10.1.31/tomcat-embed-websocket-10.1.31.jar:/Users/stefanvanechtelt/.m2/repository/org/springframework/spring-web/6.1.14/spring-web-6.1.14.jar:/Users/stefanvanechtelt/.m2/repository/org/springframework/spring-beans/6.1.14/spring-beans-6.1.14.jar:/Users/stefanvanechtelt/.m2/repository/org/springframework/spring-webmvc/6.1.14/spring-webmvc-6.1.14.jar:/Users/stefanvanechtelt/.m2/repository/org/springframework/spring-aop/6.1.14/spring-aop-6.1.14.jar:/Users/stefanvanechtelt/.m2/repository/org/springframework/spring-expression/6.1.14/spring-expression-6.1.14.jar:/Users/stefanvanechtelt/.m2/repository/org/springframework/boot/spring-boot-starter-data-jpa/3.3.5/spring-boot-starter-data-jpa-3.3.5.jar:/Users/stefanvanechtelt/.m2/repository/org/springframework/boot/spring-boot-starter-aop/3.3.5/spring-boot-starter-aop-3.3.5.jar:/Users/stefanvanechtelt/.m2/repository/org/aspectj/aspectjweaver/1.9.22.1/aspectjweaver-1.9.22.1.jar:/Users/stefanvanechtelt/.m2/repository/org/springframework/boot/spring-boot-starter-jdbc/3.3.5/spring-boot-starter-jdbc-3.3.5.jar:/Users/stefanvanechtelt/.m2/repository/com/zaxxer/HikariCP/5.1.0/HikariCP-5.1.0.jar:/Users/stefanvanechtelt/.m2/repository/org/springframework/spring-jdbc/6.1.14/spring-jdbc-6.1.14.jar:/Users/stefanvanechtelt/.m2/repository/org/hibernate/orm/hibernate-core/6.5.3.Final/hibernate-core-6.5.3.Final.jar:/Users/stefanvanechtelt/.m2/repository/jakarta/persistence/jakarta.persistence-api/3.1.0/jakarta.persistence-api-3.1.0.jar:/Users/stefanvanechtelt/.m2/repository/jakarta/transaction/jakarta.transaction-api/2.0.1/jakarta.transaction-api-2.0.1.jar:/Users/stefanvanechtelt/.m2/repository/org/jboss/logging/jboss-logging/3.5.3.Final/jboss-logging-3.5.3.Final.jar:/Users/stefanvanechtelt/.m2/repository/org/hibernate/common/hibernate-commons-annotations/6.0.6.Final/hibernate-commons-annotations-6.0.6.Final.jar:/Users/stefanvanechtelt/.m2/repository/io/smallrye/jandex/3.1.2/jandex-3.1.2.jar:/Users/stefanvanechtelt/.m2/repository/com/fasterxml/classmate/1.7.0/classmate-1.7.0.jar:/Users/stefanvanechtelt/.m2/repository/net/bytebuddy/byte-buddy/1.14.19/byte-buddy-1.14.19.jar:/Users/stefanvanechtelt/.m2/repository/org/glassfish/jaxb/jaxb-runtime/4.0.5/jaxb-runtime-4.0.5.jar:/Users/stefanvanechtelt/.m2/repository/org/glassfish/jaxb/jaxb-core/4.0.5/jaxb-core-4.0.5.jar:/Users/stefanvanechtelt/.m2/repository/org/eclipse/angus/angus-activation/2.0.2/angus-activation-2.0.2.jar:/Users/stefanvanechtelt/.m2/repository/org/glassfish/jaxb/txw2/4.0.5/txw2-4.0.5.jar:/Users/stefanvanechtelt/.m2/repository/com/sun/istack/istack-commons-runtime/4.1.2/istack-commons-runtime-4.1.2.jar:/Users/stefanvanechtelt/.m2/repository/jakarta/inject/jakarta.inject-api/2.0.1/jakarta.inject-api-2.0.1.jar:/Users/stefanvanechtelt/.m2/repository/org/antlr/antlr4-runtime/4.13.0/antlr4-runtime-4.13.0.jar:/Users/stefanvanechtelt/.m2/repository/org/springframework/data/spring-data-jpa/3.3.5/spring-data-jpa-3.3.5.jar:/Users/stefanvanechtelt/.m2/repository/org/springframework/data/spring-data-commons/3.3.5/spring-data-commons-3.3.5.jar:/Users/stefanvanechtelt/.m2/repository/org/springframework/spring-orm/6.1.14/spring-orm-6.1.14.jar:/Users/stefanvanechtelt/.m2/repository/org/slf4j/slf4j-api/2.0.16/slf4j-api-2.0.16.jar:/Users/stefanvanechtelt/.m2/repository/org/springframework/spring-aspects/6.1.14/spring-aspects-6.1.14.jar:/Users/stefanvanechtelt/.m2/repository/org/postgresql/postgresql/42.7.4/postgresql-42.7.4.jar:/Users/stefanvanechtelt/.m2/repository/org/checkerframework/checker-qual/3.42.0/checker-qual-3.42.0.jar:/Users/stefanvanechtelt/.m2/repository/org/modelmapper/modelmapper/2.3.8/modelmapper-2.3.8.jar:/Users/stefanvanechtelt/.m2/repository/com/fasterxml/jackson/core/jackson-databind/2.17.2/jackson-databind-2.17.2.jar:/Users/stefanvanechtelt/.m2/repository/com/fasterxml/jackson/core/jackson-annotations/2.17.2/jackson-annotations-2.17.2.jar:/Users/stefanvanechtelt/.m2/repository/com/fasterxml/jackson/core/jackson-core/2.17.2/jackson-core-2.17.2.jar:/Users/stefanvanechtelt/.m2/repository/com/fasterxml/jackson/module/jackson-module-scala_2.13/2.17.2/jackson-module-scala_2.13-2.17.2.jar:/Users/stefanvanechtelt/.m2/repository/org/scala-lang/scala-library/2.13.13/scala-library-2.13.13.jar:/Users/stefanvanechtelt/.m2/repository/com/thoughtworks/paranamer/paranamer/2.8/paranamer-2.8.jar:/Users/stefanvanechtelt/.m2/repository/org/springframework/kafka/spring-kafka/3.2.4/spring-kafka-3.2.4.jar:/Users/stefanvanechtelt/.m2/repository/org/springframework/spring-context/6.1.14/spring-context-6.1.14.jar:/Users/stefanvanechtelt/.m2/repository/org/springframework/spring-messaging/6.1.14/spring-messaging-6.1.14.jar:/Users/stefanvanechtelt/.m2/repository/org/springframework/spring-tx/6.1.14/spring-tx-6.1.14.jar:/Users/stefanvanechtelt/.m2/repository/org/springframework/retry/spring-retry/2.0.10/spring-retry-2.0.10.jar:/Users/stefanvanechtelt/.m2/repository/org/apache/kafka/kafka-clients/3.7.1/kafka-clients-3.7.1.jar:/Users/stefanvanechtelt/.m2/repository/com/github/luben/zstd-jni/1.5.6-3/zstd-jni-1.5.6-3.jar:/Users/stefanvanechtelt/.m2/repository/org/lz4/lz4-java/1.8.0/lz4-java-1.8.0.jar:/Users/stefanvanechtelt/.m2/repository/org/xerial/snappy/snappy-java/1.1.10.5/snappy-java-1.1.10.5.jar:/Users/stefanvanechtelt/.m2/repository/io/micrometer/micrometer-observation/1.13.6/micrometer-observation-1.13.6.jar:/Users/stefanvanechtelt/.m2/repository/io/micrometer/micrometer-commons/1.13.6/micrometer-commons-1.13.6.jar:/Users/stefanvanechtelt/.m2/repository/org/projectlombok/lombok/1.18.34/lombok-1.18.34.jar:/Users/stefanvanechtelt/.m2/repository/org/springframework/boot/spring-boot-starter-test/3.3.5/spring-boot-starter-test-3.3.5.jar:/Users/stefanvanechtelt/.m2/repository/org/springframework/boot/spring-boot-test/3.3.5/spring-boot-test-3.3.5.jar:/Users/stefanvanechtelt/.m2/repository/org/springframework/boot/spring-boot-test-autoconfigure/3.3.5/spring-boot-test-autoconfigure-3.3.5.jar:/Users/stefanvanechtelt/.m2/repository/com/jayway/jsonpath/json-path/2.9.0/json-path-2.9.0.jar:/Users/stefanvanechtelt/.m2/repository/jakarta/xml/bind/jakarta.xml.bind-api/4.0.2/jakarta.xml.bind-api-4.0.2.jar:/Users/stefanvanechtelt/.m2/repository/jakarta/activation/jakarta.activation-api/2.1.3/jakarta.activation-api-2.1.3.jar:/Users/stefanvanechtelt/.m2/repository/net/minidev/json-smart/2.5.1/json-smart-2.5.1.jar:/Users/stefanvanechtelt/.m2/repository/net/minidev/accessors-smart/2.5.1/accessors-smart-2.5.1.jar:/Users/stefanvanechtelt/.m2/repository/org/ow2/asm/asm/9.6/asm-9.6.jar:/Users/stefanvanechtelt/.m2/repository/org/assertj/assertj-core/3.25.3/assertj-core-3.25.3.jar:/Users/stefanvanechtelt/.m2/repository/org/awaitility/awaitility/4.2.2/awaitility-4.2.2.jar:/Users/stefanvanechtelt/.m2/repository/org/hamcrest/hamcrest/2.2/hamcrest-2.2.jar:/Users/stefanvanechtelt/.m2/repository/org/junit/jupiter/junit-jupiter/5.10.5/junit-jupiter-5.10.5.jar:/Users/stefanvanechtelt/.m2/repository/org/junit/jupiter/junit-jupiter-params/5.10.5/junit-jupiter-params-5.10.5.jar:/Users/stefanvanechtelt/.m2/repository/org/junit/jupiter/junit-jupiter-engine/5.10.5/junit-jupiter-engine-5.10.5.jar:/Users/stefanvanechtelt/.m2/repository/org/mockito/mockito-core/5.11.0/mockito-core-5.11.0.jar:/Users/stefanvanechtelt/.m2/repository/net/bytebuddy/byte-buddy-agent/1.14.19/byte-buddy-agent-1.14.19.jar:/Users/stefanvanechtelt/.m2/repository/org/objenesis/objenesis/3.3/objenesis-3.3.jar:/Users/stefanvanechtelt/.m2/repository/org/mockito/mockito-junit-jupiter/5.11.0/mockito-junit-jupiter-5.11.0.jar:/Users/stefanvanechtelt/.m2/repository/org/skyscreamer/jsonassert/1.5.3/jsonassert-1.5.3.jar:/Users/stefanvanechtelt/.m2/repository/com/vaadin/external/google/android-json/0.0.20131108.vaadin1/android-json-0.0.20131108.vaadin1.jar:/Users/stefanvanechtelt/.m2/repository/org/springframework/spring-core/6.1.14/spring-core-6.1.14.jar:/Users/stefanvanechtelt/.m2/repository/org/springframework/spring-jcl/6.1.14/spring-jcl-6.1.14.jar:/Users/stefanvanechtelt/.m2/repository/org/springframework/spring-test/6.1.14/spring-test-6.1.14.jar:/Users/stefanvanechtelt/.m2/repository/org/xmlunit/xmlunit-core/2.9.1/xmlunit-core-2.9.1.jar:/Users/stefanvanechtelt/.m2/repository/org/springframework/boot/spring-boot-testcontainers/3.3.5/spring-boot-testcontainers-3.3.5.jar:/Users/stefanvanechtelt/.m2/repository/org/springframework/boot/spring-boot-autoconfigure/3.3.5/spring-boot-autoconfigure-3.3.5.jar:/Users/stefanvanechtelt/.m2/repository/org/testcontainers/testcontainers/1.19.8/testcontainers-1.19.8.jar:/Users/stefanvanechtelt/.m2/repository/junit/junit/4.13.2/junit-4.13.2.jar:/Users/stefanvanechtelt/.m2/repository/org/hamcrest/hamcrest-core/2.2/hamcrest-core-2.2.jar:/Users/stefanvanechtelt/.m2/repository/org/apache/commons/commons-compress/1.24.0/commons-compress-1.24.0.jar:/Users/stefanvanechtelt/.m2/repository/org/rnorth/duct-tape/duct-tape/1.0.8/duct-tape-1.0.8.jar:/Users/stefanvanechtelt/.m2/repository/org/jetbrains/annotations/17.0.0/annotations-17.0.0.jar:/Users/stefanvanechtelt/.m2/repository/com/github/docker-java/docker-java-api/3.3.6/docker-java-api-3.3.6.jar:/Users/stefanvanechtelt/.m2/repository/com/github/docker-java/docker-java-transport-zerodep/3.3.6/docker-java-transport-zerodep-3.3.6.jar:/Users/stefanvanechtelt/.m2/repository/com/github/docker-java/docker-java-transport/3.3.6/docker-java-transport-3.3.6.jar:/Users/stefanvanechtelt/.m2/repository/net/java/dev/jna/jna/5.13.0/jna-5.13.0.jar:/Users/stefanvanechtelt/.m2/repository/org/springframework/kafka/spring-kafka-test/3.2.4/spring-kafka-test-3.2.4.jar:/Users/stefanvanechtelt/.m2/repository/org/apache/zookeeper/zookeeper/3.8.4/zookeeper-3.8.4.jar:/Users/stefanvanechtelt/.m2/repository/org/apache/zookeeper/zookeeper-jute/3.8.4/zookeeper-jute-3.8.4.jar:/Users/stefanvanechtelt/.m2/repository/org/apache/yetus/audience-annotations/0.12.0/audience-annotations-0.12.0.jar:/Users/stefanvanechtelt/.m2/repository/io/netty/netty-handler/4.1.114.Final/netty-handler-4.1.114.Final.jar:/Users/stefanvanechtelt/.m2/repository/io/netty/netty-common/4.1.114.Final/netty-common-4.1.114.Final.jar:/Users/stefanvanechtelt/.m2/repository/io/netty/netty-resolver/4.1.114.Final/netty-resolver-4.1.114.Final.jar:/Users/stefanvanechtelt/.m2/repository/io/netty/netty-buffer/4.1.114.Final/netty-buffer-4.1.114.Final.jar:/Users/stefanvanechtelt/.m2/repository/io/netty/netty-transport/4.1.114.Final/netty-transport-4.1.114.Final.jar:/Users/stefanvanechtelt/.m2/repository/io/netty/netty-transport-native-unix-common/4.1.114.Final/netty-transport-native-unix-common-4.1.114.Final.jar:/Users/stefanvanechtelt/.m2/repository/io/netty/netty-codec/4.1.114.Final/netty-codec-4.1.114.Final.jar:/Users/stefanvanechtelt/.m2/repository/io/netty/netty-transport-native-epoll/4.1.114.Final/netty-transport-native-epoll-4.1.114.Final.jar:/Users/stefanvanechtelt/.m2/repository/io/netty/netty-transport-classes-epoll/4.1.114.Final/netty-transport-classes-epoll-4.1.114.Final.jar:/Users/stefanvanechtelt/.m2/repository/ch/qos/logback/logback-core/1.5.11/logback-core-1.5.11.jar:/Users/stefanvanechtelt/.m2/repository/ch/qos/logback/logback-classic/1.5.11/logback-classic-1.5.11.jar:/Users/stefanvanechtelt/.m2/repository/commons-io/commons-io/2.11.0/commons-io-2.11.0.jar:/Users/stefanvanechtelt/.m2/repository/org/apache/kafka/kafka-clients/3.7.1/kafka-clients-3.7.1-test.jar:/Users/stefanvanechtelt/.m2/repository/org/apache/kafka/kafka-metadata/3.7.1/kafka-metadata-3.7.1.jar:/Users/stefanvanechtelt/.m2/repository/org/apache/kafka/kafka-raft/3.7.1/kafka-raft-3.7.1.jar:/Users/stefanvanechtelt/.m2/repository/com/yammer/metrics/metrics-core/2.2.0/metrics-core-2.2.0.jar:/Users/stefanvanechtelt/.m2/repository/org/apache/kafka/kafka-server-common/3.7.1/kafka-server-common-3.7.1.jar:/Users/stefanvanechtelt/.m2/repository/net/sf/jopt-simple/jopt-simple/5.0.4/jopt-simple-5.0.4.jar:/Users/stefanvanechtelt/.m2/repository/org/pcollections/pcollections/4.0.1/pcollections-4.0.1.jar:/Users/stefanvanechtelt/.m2/repository/org/apache/kafka/kafka-server-common/3.7.1/kafka-server-common-3.7.1-test.jar:/Users/stefanvanechtelt/.m2/repository/org/apache/kafka/kafka-streams-test-utils/3.7.1/kafka-streams-test-utils-3.7.1.jar:/Users/stefanvanechtelt/.m2/repository/org/apache/kafka/kafka-streams/3.7.1/kafka-streams-3.7.1.jar:/Users/stefanvanechtelt/.m2/repository/org/rocksdb/rocksdbjni/7.9.2/rocksdbjni-7.9.2.jar:/Users/stefanvanechtelt/.m2/repository/org/apache/kafka/kafka_2.13/3.7.1/kafka_2.13-3.7.1.jar:/Users/stefanvanechtelt/.m2/repository/org/apache/kafka/kafka-group-coordinator/3.7.1/kafka-group-coordinator-3.7.1.jar:/Users/stefanvanechtelt/.m2/repository/org/apache/kafka/kafka-storage-api/3.7.1/kafka-storage-api-3.7.1.jar:/Users/stefanvanechtelt/.m2/repository/org/apache/kafka/kafka-tools-api/3.7.1/kafka-tools-api-3.7.1.jar:/Users/stefanvanechtelt/.m2/repository/org/apache/kafka/kafka-storage/3.7.1/kafka-storage-3.7.1.jar:/Users/stefanvanechtelt/.m2/repository/com/github/ben-manes/caffeine/caffeine/3.1.8/caffeine-3.1.8.jar:/Users/stefanvanechtelt/.m2/repository/com/google/errorprone/error_prone_annotations/2.21.1/error_prone_annotations-2.21.1.jar:/Users/stefanvanechtelt/.m2/repository/org/apache/kafka/kafka-server/3.7.1/kafka-server-3.7.1.jar:/Users/stefanvanechtelt/.m2/repository/net/sourceforge/argparse4j/argparse4j/0.7.0/argparse4j-0.7.0.jar:/Users/stefanvanechtelt/.m2/repository/commons-validator/commons-validator/1.7/commons-validator-1.7.jar:/Users/stefanvanechtelt/.m2/repository/commons-beanutils/commons-beanutils/1.9.4/commons-beanutils-1.9.4.jar:/Users/stefanvanechtelt/.m2/repository/commons-digester/commons-digester/2.1/commons-digester-2.1.jar:/Users/stefanvanechtelt/.m2/repository/commons-collections/commons-collections/3.2.2/commons-collections-3.2.2.jar:/Users/stefanvanechtelt/.m2/repository/com/fasterxml/jackson/dataformat/jackson-dataformat-csv/2.17.2/jackson-dataformat-csv-2.17.2.jar:/Users/stefanvanechtelt/.m2/repository/org/bitbucket/b_c/jose4j/0.9.4/jose4j-0.9.4.jar:/Users/stefanvanechtelt/.m2/repository/org/scala-lang/modules/scala-collection-compat_2.13/2.10.0/scala-collection-compat_2.13-2.10.0.jar:/Users/stefanvanechtelt/.m2/repository/org/scala-lang/modules/scala-java8-compat_2.13/1.0.2/scala-java8-compat_2.13-1.0.2.jar:/Users/stefanvanechtelt/.m2/repository/org/scala-lang/scala-reflect/2.13.12/scala-reflect-2.13.12.jar:/Users/stefanvanechtelt/.m2/repository/com/typesafe/scala-logging/scala-logging_2.13/3.9.4/scala-logging_2.13-3.9.4.jar:/Users/stefanvanechtelt/.m2/repository/io/dropwizard/metrics/metrics-core/4.1.12.1/metrics-core-4.1.12.1.jar:/Users/stefanvanechtelt/.m2/repository/commons-cli/commons-cli/1.4/commons-cli-1.4.jar:/Users/stefanvanechtelt/.m2/repository/org/apache/kafka/kafka_2.13/3.7.1/kafka_2.13-3.7.1-test.jar:/Users/stefanvanechtelt/.m2/repository/org/junit/jupiter/junit-jupiter-api/5.10.5/junit-jupiter-api-5.10.5.jar:/Users/stefanvanechtelt/.m2/repository/org/opentest4j/opentest4j/1.3.0/opentest4j-1.3.0.jar:/Users/stefanvanechtelt/.m2/repository/org/junit/platform/junit-platform-commons/1.10.5/junit-platform-commons-1.10.5.jar:/Users/stefanvanechtelt/.m2/repository/org/apiguardian/apiguardian-api/1.1.2/apiguardian-api-1.1.2.jar:/Users/stefanvanechtelt/.m2/repository/org/junit/platform/junit-platform-launcher/1.10.5/junit-platform-launcher-1.10.5.jar:/Users/stefanvanechtelt/.m2/repository/org/junit/platform/junit-platform-engine/1.10.5/junit-platform-engine-1.10.5.jar:/Users/stefanvanechtelt/.m2/repository/org/testcontainers/postgresql/1.19.8/postgresql-1.19.8.jar:/Users/stefanvanechtelt/.m2/repository/org/testcontainers/jdbc/1.19.8/jdbc-1.19.8.jar:/Users/stefanvanechtelt/.m2/repository/org/testcontainers/database-commons/1.19.8/database-commons-1.19.8.jar:/Users/stefanvanechtelt/.m2/repository/org/testcontainers/kafka/1.19.8/kafka-1.19.8.jar:/Users/stefanvanechtelt/.m2/repository/org/testcontainers/junit-jupiter/1.19.8/junit-jupiter-1.19.8.jar:"/>
    <property name="java.vm.vendor" value="Amazon.com Inc."/>
    <property name="sun.arch.data.model" value="64"/>
    <property name="java.vendor.url" value="https://aws.amazon.com/corretto/"/>
    <property name="user.timezone" value="Europe/Amsterdam"/>
    <property name="org.jboss.logging.provider" value="slf4j"/>
    <property name="os.name" value="Mac OS X"/>
    <property name="java.vm.specification.version" value="21"/>
    <property name="sun.java.launcher" value="SUN_STANDARD"/>
    <property name="user.country" value="NL"/>
    <property name="sun.boot.library.path" value="/Users/stefanvanechtelt/Library/Java/JavaVirtualMachines/corretto-21.0.4/Contents/Home/lib"/>
    <property name="sun.java.command" value="/Users/stefanvanechtelt/Documents/projects/java_magazine_testcontainers/spring-demo/Spring demo/target/surefire/surefirebooter-20241129234529560_3.jar /Users/stefanvanechtelt/Documents/projects/java_magazine_testcontainers/spring-demo/Spring demo/target/surefire 2024-11-29T23-45-29_509-jvmRun1 surefire-20241129234529560_1tmp surefire_0-20241129234529560_2tmp"/>
    <property name="http.nonProxyHosts" value="local|*.local|169.254/16|*.169.254/16"/>
    <property name="jdk.debug" value="release"/>
    <property name="surefire.test.class.path" value="/Users/stefanvanechtelt/Documents/projects/java_magazine_testcontainers/spring-demo/Spring demo/target/test-classes:/Users/stefanvanechtelt/Documents/projects/java_magazine_testcontainers/spring-demo/Spring demo/target/classes:/Users/stefanvanechtelt/.m2/repository/org/springframework/boot/spring-boot-starter-web/3.3.5/spring-boot-starter-web-3.3.5.jar:/Users/stefanvanechtelt/.m2/repository/org/springframework/boot/spring-boot-starter/3.3.5/spring-boot-starter-3.3.5.jar:/Users/stefanvanechtelt/.m2/repository/org/springframework/boot/spring-boot/3.3.5/spring-boot-3.3.5.jar:/Users/stefanvanechtelt/.m2/repository/org/springframework/boot/spring-boot-starter-logging/3.3.5/spring-boot-starter-logging-3.3.5.jar:/Users/stefanvanechtelt/.m2/repository/org/apache/logging/log4j/log4j-to-slf4j/2.23.1/log4j-to-slf4j-2.23.1.jar:/Users/stefanvanechtelt/.m2/repository/org/apache/logging/log4j/log4j-api/2.23.1/log4j-api-2.23.1.jar:/Users/stefanvanechtelt/.m2/repository/org/slf4j/jul-to-slf4j/2.0.16/jul-to-slf4j-2.0.16.jar:/Users/stefanvanechtelt/.m2/repository/jakarta/annotation/jakarta.annotation-api/2.1.1/jakarta.annotation-api-2.1.1.jar:/Users/stefanvanechtelt/.m2/repository/org/yaml/snakeyaml/2.2/snakeyaml-2.2.jar:/Users/stefanvanechtelt/.m2/repository/org/springframework/boot/spring-boot-starter-json/3.3.5/spring-boot-starter-json-3.3.5.jar:/Users/stefanvanechtelt/.m2/repository/com/fasterxml/jackson/datatype/jackson-datatype-jdk8/2.17.2/jackson-datatype-jdk8-2.17.2.jar:/Users/stefanvanechtelt/.m2/repository/com/fasterxml/jackson/datatype/jackson-datatype-jsr310/2.17.2/jackson-datatype-jsr310-2.17.2.jar:/Users/stefanvanechtelt/.m2/repository/com/fasterxml/jackson/module/jackson-module-parameter-names/2.17.2/jackson-module-parameter-names-2.17.2.jar:/Users/stefanvanechtelt/.m2/repository/org/springframework/boot/spring-boot-starter-tomcat/3.3.5/spring-boot-starter-tomcat-3.3.5.jar:/Users/stefanvanechtelt/.m2/repository/org/apache/tomcat/embed/tomcat-embed-core/10.1.31/tomcat-embed-core-10.1.31.jar:/Users/stefanvanechtelt/.m2/repository/org/apache/tomcat/embed/tomcat-embed-el/10.1.31/tomcat-embed-el-10.1.31.jar:/Users/stefanvanechtelt/.m2/repository/org/apache/tomcat/embed/tomcat-embed-websocket/10.1.31/tomcat-embed-websocket-10.1.31.jar:/Users/stefanvanechtelt/.m2/repository/org/springframework/spring-web/6.1.14/spring-web-6.1.14.jar:/Users/stefanvanechtelt/.m2/repository/org/springframework/spring-beans/6.1.14/spring-beans-6.1.14.jar:/Users/stefanvanechtelt/.m2/repository/org/springframework/spring-webmvc/6.1.14/spring-webmvc-6.1.14.jar:/Users/stefanvanechtelt/.m2/repository/org/springframework/spring-aop/6.1.14/spring-aop-6.1.14.jar:/Users/stefanvanechtelt/.m2/repository/org/springframework/spring-expression/6.1.14/spring-expression-6.1.14.jar:/Users/stefanvanechtelt/.m2/repository/org/springframework/boot/spring-boot-starter-data-jpa/3.3.5/spring-boot-starter-data-jpa-3.3.5.jar:/Users/stefanvanechtelt/.m2/repository/org/springframework/boot/spring-boot-starter-aop/3.3.5/spring-boot-starter-aop-3.3.5.jar:/Users/stefanvanechtelt/.m2/repository/org/aspectj/aspectjweaver/1.9.22.1/aspectjweaver-1.9.22.1.jar:/Users/stefanvanechtelt/.m2/repository/org/springframework/boot/spring-boot-starter-jdbc/3.3.5/spring-boot-starter-jdbc-3.3.5.jar:/Users/stefanvanechtelt/.m2/repository/com/zaxxer/HikariCP/5.1.0/HikariCP-5.1.0.jar:/Users/stefanvanechtelt/.m2/repository/org/springframework/spring-jdbc/6.1.14/spring-jdbc-6.1.14.jar:/Users/stefanvanechtelt/.m2/repository/org/hibernate/orm/hibernate-core/6.5.3.Final/hibernate-core-6.5.3.Final.jar:/Users/stefanvanechtelt/.m2/repository/jakarta/persistence/jakarta.persistence-api/3.1.0/jakarta.persistence-api-3.1.0.jar:/Users/stefanvanechtelt/.m2/repository/jakarta/transaction/jakarta.transaction-api/2.0.1/jakarta.transaction-api-2.0.1.jar:/Users/stefanvanechtelt/.m2/repository/org/jboss/logging/jboss-logging/3.5.3.Final/jboss-logging-3.5.3.Final.jar:/Users/stefanvanechtelt/.m2/repository/org/hibernate/common/hibernate-commons-annotations/6.0.6.Final/hibernate-commons-annotations-6.0.6.Final.jar:/Users/stefanvanechtelt/.m2/repository/io/smallrye/jandex/3.1.2/jandex-3.1.2.jar:/Users/stefanvanechtelt/.m2/repository/com/fasterxml/classmate/1.7.0/classmate-1.7.0.jar:/Users/stefanvanechtelt/.m2/repository/net/bytebuddy/byte-buddy/1.14.19/byte-buddy-1.14.19.jar:/Users/stefanvanechtelt/.m2/repository/org/glassfish/jaxb/jaxb-runtime/4.0.5/jaxb-runtime-4.0.5.jar:/Users/stefanvanechtelt/.m2/repository/org/glassfish/jaxb/jaxb-core/4.0.5/jaxb-core-4.0.5.jar:/Users/stefanvanechtelt/.m2/repository/org/eclipse/angus/angus-activation/2.0.2/angus-activation-2.0.2.jar:/Users/stefanvanechtelt/.m2/repository/org/glassfish/jaxb/txw2/4.0.5/txw2-4.0.5.jar:/Users/stefanvanechtelt/.m2/repository/com/sun/istack/istack-commons-runtime/4.1.2/istack-commons-runtime-4.1.2.jar:/Users/stefanvanechtelt/.m2/repository/jakarta/inject/jakarta.inject-api/2.0.1/jakarta.inject-api-2.0.1.jar:/Users/stefanvanechtelt/.m2/repository/org/antlr/antlr4-runtime/4.13.0/antlr4-runtime-4.13.0.jar:/Users/stefanvanechtelt/.m2/repository/org/springframework/data/spring-data-jpa/3.3.5/spring-data-jpa-3.3.5.jar:/Users/stefanvanechtelt/.m2/repository/org/springframework/data/spring-data-commons/3.3.5/spring-data-commons-3.3.5.jar:/Users/stefanvanechtelt/.m2/repository/org/springframework/spring-orm/6.1.14/spring-orm-6.1.14.jar:/Users/stefanvanechtelt/.m2/repository/org/slf4j/slf4j-api/2.0.16/slf4j-api-2.0.16.jar:/Users/stefanvanechtelt/.m2/repository/org/springframework/spring-aspects/6.1.14/spring-aspects-6.1.14.jar:/Users/stefanvanechtelt/.m2/repository/org/postgresql/postgresql/42.7.4/postgresql-42.7.4.jar:/Users/stefanvanechtelt/.m2/repository/org/checkerframework/checker-qual/3.42.0/checker-qual-3.42.0.jar:/Users/stefanvanechtelt/.m2/repository/org/modelmapper/modelmapper/2.3.8/modelmapper-2.3.8.jar:/Users/stefanvanechtelt/.m2/repository/com/fasterxml/jackson/core/jackson-databind/2.17.2/jackson-databind-2.17.2.jar:/Users/stefanvanechtelt/.m2/repository/com/fasterxml/jackson/core/jackson-annotations/2.17.2/jackson-annotations-2.17.2.jar:/Users/stefanvanechtelt/.m2/repository/com/fasterxml/jackson/core/jackson-core/2.17.2/jackson-core-2.17.2.jar:/Users/stefanvanechtelt/.m2/repository/com/fasterxml/jackson/module/jackson-module-scala_2.13/2.17.2/jackson-module-scala_2.13-2.17.2.jar:/Users/stefanvanechtelt/.m2/repository/org/scala-lang/scala-library/2.13.13/scala-library-2.13.13.jar:/Users/stefanvanechtelt/.m2/repository/com/thoughtworks/paranamer/paranamer/2.8/paranamer-2.8.jar:/Users/stefanvanechtelt/.m2/repository/org/springframework/kafka/spring-kafka/3.2.4/spring-kafka-3.2.4.jar:/Users/stefanvanechtelt/.m2/repository/org/springframework/spring-context/6.1.14/spring-context-6.1.14.jar:/Users/stefanvanechtelt/.m2/repository/org/springframework/spring-messaging/6.1.14/spring-messaging-6.1.14.jar:/Users/stefanvanechtelt/.m2/repository/org/springframework/spring-tx/6.1.14/spring-tx-6.1.14.jar:/Users/stefanvanechtelt/.m2/repository/org/springframework/retry/spring-retry/2.0.10/spring-retry-2.0.10.jar:/Users/stefanvanechtelt/.m2/repository/org/apache/kafka/kafka-clients/3.7.1/kafka-clients-3.7.1.jar:/Users/stefanvanechtelt/.m2/repository/com/github/luben/zstd-jni/1.5.6-3/zstd-jni-1.5.6-3.jar:/Users/stefanvanechtelt/.m2/repository/org/lz4/lz4-java/1.8.0/lz4-java-1.8.0.jar:/Users/stefanvanechtelt/.m2/repository/org/xerial/snappy/snappy-java/1.1.10.5/snappy-java-1.1.10.5.jar:/Users/stefanvanechtelt/.m2/repository/io/micrometer/micrometer-observation/1.13.6/micrometer-observation-1.13.6.jar:/Users/stefanvanechtelt/.m2/repository/io/micrometer/micrometer-commons/1.13.6/micrometer-commons-1.13.6.jar:/Users/stefanvanechtelt/.m2/repository/org/projectlombok/lombok/1.18.34/lombok-1.18.34.jar:/Users/stefanvanechtelt/.m2/repository/org/springframework/boot/spring-boot-starter-test/3.3.5/spring-boot-starter-test-3.3.5.jar:/Users/stefanvanechtelt/.m2/repository/org/springframework/boot/spring-boot-test/3.3.5/spring-boot-test-3.3.5.jar:/Users/stefanvanechtelt/.m2/repository/org/springframework/boot/spring-boot-test-autoconfigure/3.3.5/spring-boot-test-autoconfigure-3.3.5.jar:/Users/stefanvanechtelt/.m2/repository/com/jayway/jsonpath/json-path/2.9.0/json-path-2.9.0.jar:/Users/stefanvanechtelt/.m2/repository/jakarta/xml/bind/jakarta.xml.bind-api/4.0.2/jakarta.xml.bind-api-4.0.2.jar:/Users/stefanvanechtelt/.m2/repository/jakarta/activation/jakarta.activation-api/2.1.3/jakarta.activation-api-2.1.3.jar:/Users/stefanvanechtelt/.m2/repository/net/minidev/json-smart/2.5.1/json-smart-2.5.1.jar:/Users/stefanvanechtelt/.m2/repository/net/minidev/accessors-smart/2.5.1/accessors-smart-2.5.1.jar:/Users/stefanvanechtelt/.m2/repository/org/ow2/asm/asm/9.6/asm-9.6.jar:/Users/stefanvanechtelt/.m2/repository/org/assertj/assertj-core/3.25.3/assertj-core-3.25.3.jar:/Users/stefanvanechtelt/.m2/repository/org/awaitility/awaitility/4.2.2/awaitility-4.2.2.jar:/Users/stefanvanechtelt/.m2/repository/org/hamcrest/hamcrest/2.2/hamcrest-2.2.jar:/Users/stefanvanechtelt/.m2/repository/org/junit/jupiter/junit-jupiter/5.10.5/junit-jupiter-5.10.5.jar:/Users/stefanvanechtelt/.m2/repository/org/junit/jupiter/junit-jupiter-params/5.10.5/junit-jupiter-params-5.10.5.jar:/Users/stefanvanechtelt/.m2/repository/org/junit/jupiter/junit-jupiter-engine/5.10.5/junit-jupiter-engine-5.10.5.jar:/Users/stefanvanechtelt/.m2/repository/org/mockito/mockito-core/5.11.0/mockito-core-5.11.0.jar:/Users/stefanvanechtelt/.m2/repository/net/bytebuddy/byte-buddy-agent/1.14.19/byte-buddy-agent-1.14.19.jar:/Users/stefanvanechtelt/.m2/repository/org/objenesis/objenesis/3.3/objenesis-3.3.jar:/Users/stefanvanechtelt/.m2/repository/org/mockito/mockito-junit-jupiter/5.11.0/mockito-junit-jupiter-5.11.0.jar:/Users/stefanvanechtelt/.m2/repository/org/skyscreamer/jsonassert/1.5.3/jsonassert-1.5.3.jar:/Users/stefanvanechtelt/.m2/repository/com/vaadin/external/google/android-json/0.0.20131108.vaadin1/android-json-0.0.20131108.vaadin1.jar:/Users/stefanvanechtelt/.m2/repository/org/springframework/spring-core/6.1.14/spring-core-6.1.14.jar:/Users/stefanvanechtelt/.m2/repository/org/springframework/spring-jcl/6.1.14/spring-jcl-6.1.14.jar:/Users/stefanvanechtelt/.m2/repository/org/springframework/spring-test/6.1.14/spring-test-6.1.14.jar:/Users/stefanvanechtelt/.m2/repository/org/xmlunit/xmlunit-core/2.9.1/xmlunit-core-2.9.1.jar:/Users/stefanvanechtelt/.m2/repository/org/springframework/boot/spring-boot-testcontainers/3.3.5/spring-boot-testcontainers-3.3.5.jar:/Users/stefanvanechtelt/.m2/repository/org/springframework/boot/spring-boot-autoconfigure/3.3.5/spring-boot-autoconfigure-3.3.5.jar:/Users/stefanvanechtelt/.m2/repository/org/testcontainers/testcontainers/1.19.8/testcontainers-1.19.8.jar:/Users/stefanvanechtelt/.m2/repository/junit/junit/4.13.2/junit-4.13.2.jar:/Users/stefanvanechtelt/.m2/repository/org/hamcrest/hamcrest-core/2.2/hamcrest-core-2.2.jar:/Users/stefanvanechtelt/.m2/repository/org/apache/commons/commons-compress/1.24.0/commons-compress-1.24.0.jar:/Users/stefanvanechtelt/.m2/repository/org/rnorth/duct-tape/duct-tape/1.0.8/duct-tape-1.0.8.jar:/Users/stefanvanechtelt/.m2/repository/org/jetbrains/annotations/17.0.0/annotations-17.0.0.jar:/Users/stefanvanechtelt/.m2/repository/com/github/docker-java/docker-java-api/3.3.6/docker-java-api-3.3.6.jar:/Users/stefanvanechtelt/.m2/repository/com/github/docker-java/docker-java-transport-zerodep/3.3.6/docker-java-transport-zerodep-3.3.6.jar:/Users/stefanvanechtelt/.m2/repository/com/github/docker-java/docker-java-transport/3.3.6/docker-java-transport-3.3.6.jar:/Users/stefanvanechtelt/.m2/repository/net/java/dev/jna/jna/5.13.0/jna-5.13.0.jar:/Users/stefanvanechtelt/.m2/repository/org/springframework/kafka/spring-kafka-test/3.2.4/spring-kafka-test-3.2.4.jar:/Users/stefanvanechtelt/.m2/repository/org/apache/zookeeper/zookeeper/3.8.4/zookeeper-3.8.4.jar:/Users/stefanvanechtelt/.m2/repository/org/apache/zookeeper/zookeeper-jute/3.8.4/zookeeper-jute-3.8.4.jar:/Users/stefanvanechtelt/.m2/repository/org/apache/yetus/audience-annotations/0.12.0/audience-annotations-0.12.0.jar:/Users/stefanvanechtelt/.m2/repository/io/netty/netty-handler/4.1.114.Final/netty-handler-4.1.114.Final.jar:/Users/stefanvanechtelt/.m2/repository/io/netty/netty-common/4.1.114.Final/netty-common-4.1.114.Final.jar:/Users/stefanvanechtelt/.m2/repository/io/netty/netty-resolver/4.1.114.Final/netty-resolver-4.1.114.Final.jar:/Users/stefanvanechtelt/.m2/repository/io/netty/netty-buffer/4.1.114.Final/netty-buffer-4.1.114.Final.jar:/Users/stefanvanechtelt/.m2/repository/io/netty/netty-transport/4.1.114.Final/netty-transport-4.1.114.Final.jar:/Users/stefanvanechtelt/.m2/repository/io/netty/netty-transport-native-unix-common/4.1.114.Final/netty-transport-native-unix-common-4.1.114.Final.jar:/Users/stefanvanechtelt/.m2/repository/io/netty/netty-codec/4.1.114.Final/netty-codec-4.1.114.Final.jar:/Users/stefanvanechtelt/.m2/repository/io/netty/netty-transport-native-epoll/4.1.114.Final/netty-transport-native-epoll-4.1.114.Final.jar:/Users/stefanvanechtelt/.m2/repository/io/netty/netty-transport-classes-epoll/4.1.114.Final/netty-transport-classes-epoll-4.1.114.Final.jar:/Users/stefanvanechtelt/.m2/repository/ch/qos/logback/logback-core/1.5.11/logback-core-1.5.11.jar:/Users/stefanvanechtelt/.m2/repository/ch/qos/logback/logback-classic/1.5.11/logback-classic-1.5.11.jar:/Users/stefanvanechtelt/.m2/repository/commons-io/commons-io/2.11.0/commons-io-2.11.0.jar:/Users/stefanvanechtelt/.m2/repository/org/apache/kafka/kafka-clients/3.7.1/kafka-clients-3.7.1-test.jar:/Users/stefanvanechtelt/.m2/repository/org/apache/kafka/kafka-metadata/3.7.1/kafka-metadata-3.7.1.jar:/Users/stefanvanechtelt/.m2/repository/org/apache/kafka/kafka-raft/3.7.1/kafka-raft-3.7.1.jar:/Users/stefanvanechtelt/.m2/repository/com/yammer/metrics/metrics-core/2.2.0/metrics-core-2.2.0.jar:/Users/stefanvanechtelt/.m2/repository/org/apache/kafka/kafka-server-common/3.7.1/kafka-server-common-3.7.1.jar:/Users/stefanvanechtelt/.m2/repository/net/sf/jopt-simple/jopt-simple/5.0.4/jopt-simple-5.0.4.jar:/Users/stefanvanechtelt/.m2/repository/org/pcollections/pcollections/4.0.1/pcollections-4.0.1.jar:/Users/stefanvanechtelt/.m2/repository/org/apache/kafka/kafka-server-common/3.7.1/kafka-server-common-3.7.1-test.jar:/Users/stefanvanechtelt/.m2/repository/org/apache/kafka/kafka-streams-test-utils/3.7.1/kafka-streams-test-utils-3.7.1.jar:/Users/stefanvanechtelt/.m2/repository/org/apache/kafka/kafka-streams/3.7.1/kafka-streams-3.7.1.jar:/Users/stefanvanechtelt/.m2/repository/org/rocksdb/rocksdbjni/7.9.2/rocksdbjni-7.9.2.jar:/Users/stefanvanechtelt/.m2/repository/org/apache/kafka/kafka_2.13/3.7.1/kafka_2.13-3.7.1.jar:/Users/stefanvanechtelt/.m2/repository/org/apache/kafka/kafka-group-coordinator/3.7.1/kafka-group-coordinator-3.7.1.jar:/Users/stefanvanechtelt/.m2/repository/org/apache/kafka/kafka-storage-api/3.7.1/kafka-storage-api-3.7.1.jar:/Users/stefanvanechtelt/.m2/repository/org/apache/kafka/kafka-tools-api/3.7.1/kafka-tools-api-3.7.1.jar:/Users/stefanvanechtelt/.m2/repository/org/apache/kafka/kafka-storage/3.7.1/kafka-storage-3.7.1.jar:/Users/stefanvanechtelt/.m2/repository/com/github/ben-manes/caffeine/caffeine/3.1.8/caffeine-3.1.8.jar:/Users/stefanvanechtelt/.m2/repository/com/google/errorprone/error_prone_annotations/2.21.1/error_prone_annotations-2.21.1.jar:/Users/stefanvanechtelt/.m2/repository/org/apache/kafka/kafka-server/3.7.1/kafka-server-3.7.1.jar:/Users/stefanvanechtelt/.m2/repository/net/sourceforge/argparse4j/argparse4j/0.7.0/argparse4j-0.7.0.jar:/Users/stefanvanechtelt/.m2/repository/commons-validator/commons-validator/1.7/commons-validator-1.7.jar:/Users/stefanvanechtelt/.m2/repository/commons-beanutils/commons-beanutils/1.9.4/commons-beanutils-1.9.4.jar:/Users/stefanvanechtelt/.m2/repository/commons-digester/commons-digester/2.1/commons-digester-2.1.jar:/Users/stefanvanechtelt/.m2/repository/commons-collections/commons-collections/3.2.2/commons-collections-3.2.2.jar:/Users/stefanvanechtelt/.m2/repository/com/fasterxml/jackson/dataformat/jackson-dataformat-csv/2.17.2/jackson-dataformat-csv-2.17.2.jar:/Users/stefanvanechtelt/.m2/repository/org/bitbucket/b_c/jose4j/0.9.4/jose4j-0.9.4.jar:/Users/stefanvanechtelt/.m2/repository/org/scala-lang/modules/scala-collection-compat_2.13/2.10.0/scala-collection-compat_2.13-2.10.0.jar:/Users/stefanvanechtelt/.m2/repository/org/scala-lang/modules/scala-java8-compat_2.13/1.0.2/scala-java8-compat_2.13-1.0.2.jar:/Users/stefanvanechtelt/.m2/repository/org/scala-lang/scala-reflect/2.13.12/scala-reflect-2.13.12.jar:/Users/stefanvanechtelt/.m2/repository/com/typesafe/scala-logging/scala-logging_2.13/3.9.4/scala-logging_2.13-3.9.4.jar:/Users/stefanvanechtelt/.m2/repository/io/dropwizard/metrics/metrics-core/4.1.12.1/metrics-core-4.1.12.1.jar:/Users/stefanvanechtelt/.m2/repository/commons-cli/commons-cli/1.4/commons-cli-1.4.jar:/Users/stefanvanechtelt/.m2/repository/org/apache/kafka/kafka_2.13/3.7.1/kafka_2.13-3.7.1-test.jar:/Users/stefanvanechtelt/.m2/repository/org/junit/jupiter/junit-jupiter-api/5.10.5/junit-jupiter-api-5.10.5.jar:/Users/stefanvanechtelt/.m2/repository/org/opentest4j/opentest4j/1.3.0/opentest4j-1.3.0.jar:/Users/stefanvanechtelt/.m2/repository/org/junit/platform/junit-platform-commons/1.10.5/junit-platform-commons-1.10.5.jar:/Users/stefanvanechtelt/.m2/repository/org/apiguardian/apiguardian-api/1.1.2/apiguardian-api-1.1.2.jar:/Users/stefanvanechtelt/.m2/repository/org/junit/platform/junit-platform-launcher/1.10.5/junit-platform-launcher-1.10.5.jar:/Users/stefanvanechtelt/.m2/repository/org/junit/platform/junit-platform-engine/1.10.5/junit-platform-engine-1.10.5.jar:/Users/stefanvanechtelt/.m2/repository/org/testcontainers/postgresql/1.19.8/postgresql-1.19.8.jar:/Users/stefanvanechtelt/.m2/repository/org/testcontainers/jdbc/1.19.8/jdbc-1.19.8.jar:/Users/stefanvanechtelt/.m2/repository/org/testcontainers/database-commons/1.19.8/database-commons-1.19.8.jar:/Users/stefanvanechtelt/.m2/repository/org/testcontainers/kafka/1.19.8/kafka-1.19.8.jar:/Users/stefanvanechtelt/.m2/repository/org/testcontainers/junit-jupiter/1.19.8/junit-jupiter-1.19.8.jar:"/>
    <property name="sun.cpu.endian" value="little"/>
    <property name="user.home" value="/Users/stefanvanechtelt"/>
    <property name="user.language" value="en"/>
    <property name="java.specification.vendor" value="Oracle Corporation"/>
    <property name="java.version.date" value="2024-07-16"/>
    <property name="java.home" value="/Users/stefanvanechtelt/Library/Java/JavaVirtualMachines/corretto-21.0.4/Contents/Home"/>
    <property name="file.separator" value="/"/>
    <property name="basedir" value="/Users/stefanvanechtelt/Documents/projects/java_magazine_testcontainers/spring-demo/Spring demo"/>
    <property name="java.vm.compressedOopsMode" value="Zero based"/>
    <property name="line.separator" value="&#10;"/>
    <property name="java.vm.specification.vendor" value="Oracle Corporation"/>
    <property name="java.specification.name" value="Java Platform API Specification"/>
    <property name="FILE_LOG_CHARSET" value="UTF-8"/>
    <property name="java.awt.headless" value="true"/>
    <property name="apple.awt.application.name" value="ForkedBooter"/>
    <property name="surefire.real.class.path" value="/Users/stefanvanechtelt/Documents/projects/java_magazine_testcontainers/spring-demo/Spring demo/target/surefire/surefirebooter-20241129234529560_3.jar"/>
    <property name="sun.management.compiler" value="HotSpot 64-Bit Tiered Compilers"/>
    <property name="ftp.nonProxyHosts" value="local|*.local|169.254/16|*.169.254/16"/>
    <property name="java.runtime.version" value="21.0.4+7-LTS"/>
    <property name="user.name" value="stefanvanechtelt"/>
    <property name="stdout.encoding" value="US-ASCII"/>
    <property name="path.separator" value=":"/>
    <property name="os.version" value="14.6.1"/>
    <property name="java.runtime.name" value="OpenJDK Runtime Environment"/>
    <property name="file.encoding" value="UTF-8"/>
    <property name="java.vm.name" value="OpenJDK 64-Bit Server VM"/>
    <property name="java.vendor.version" value="Corretto-21.0.4.7.1"/>
    <property name="localRepository" value="/Users/stefanvanechtelt/.m2/repository"/>
    <property name="java.vendor.url.bug" value="https://github.com/corretto/corretto-21/issues/"/>
    <property name="java.io.tmpdir" value="/var/folders/n3/0979lmkj6_x4lcb91qzv7ljh0000gq/T/"/>
    <property name="idea.version" value="2024.2.3"/>
    <property name="com.zaxxer.hikari.pool_number" value="1"/>
    <property name="java.version" value="21.0.4"/>
    <property name="spring.kafka.bootstrap-servers" value="127.0.0.1:52655"/>
    <property name="user.dir" value="/Users/stefanvanechtelt/Documents/projects/java_magazine_testcontainers/spring-demo/Spring demo"/>
    <property name="os.arch" value="aarch64"/>
    <property name="java.vm.specification.name" value="Java Virtual Machine Specification"/>
    <property name="PID" value="11615"/>
    <property name="CONSOLE_LOG_CHARSET" value="UTF-8"/>
    <property name="native.encoding" value="US-ASCII"/>
    <property name="java.library.path" value="/Users/stefanvanechtelt/Library/Java/Extensions:/Library/Java/Extensions:/Network/Library/Java/Extensions:/System/Library/Java/Extensions:/usr/lib/java:."/>
    <property name="java.vm.info" value="mixed mode, sharing"/>
    <property name="stderr.encoding" value="US-ASCII"/>
    <property name="java.vendor" value="Amazon.com Inc."/>
    <property name="java.vm.version" value="21.0.4+7-LTS"/>
    <property name="sun.io.unicode.encoding" value="UnicodeBig"/>
    <property name="socksNonProxyHosts" value="local|*.local|169.254/16|*.169.254/16"/>
    <property name="java.class.version" value="65.0"/>
    <property name="LOGGED_APPLICATION_NAME" value="[Spring demo] "/>
  </properties>
  <testcase name="validate_that_when_searching_on_non_existing_number_gives_not_found_http_response" classname="com.example.spring_demo.integratieTests.ProductControllerTest" time="0.466">
    <system-out><![CDATA[23:45:30.174 [ForkJoinPool-1-worker-1] INFO org.springframework.test.context.support.AnnotationConfigContextLoaderUtils -- Could not detect default configuration classes for test class [com.example.spring_demo.integratieTests.ProductControllerTest]: ProductControllerTest does not declare any static, non-private, non-final, nested classes annotated with @Configuration.
23:45:30.209 [ForkJoinPool-1-worker-1] INFO org.testcontainers.images.PullPolicy -- Image pull policy will be performed by: DefaultPullPolicy()
23:45:30.211 [ForkJoinPool-1-worker-1] INFO org.testcontainers.utility.ImageNameSubstitutor -- Image name substitution will be performed by: DefaultImageNameSubstitutor (composite of 'ConfigurationFileImageNameSubstitutor' and 'PrefixingImageNameSubstitutor')
23:45:30.498 [ForkJoinPool-1-worker-1] INFO org.testcontainers.dockerclient.DockerClientProviderStrategy -- Found Docker environment with Testcontainers Host with tc.host=tcp://127.0.0.1:63364
23:45:30.498 [ForkJoinPool-1-worker-1] INFO org.testcontainers.DockerClientFactory -- Docker host IP address is 127.0.0.1
23:45:30.512 [ForkJoinPool-1-worker-1] INFO org.testcontainers.DockerClientFactory -- Connected to docker: 
  Server Version: 27.3.1 (via Testcontainers Desktop 1.18.0)
  API Version: 1.47
  Operating System: Docker Desktop
  Total Memory: 7837 MB
23:45:30.515 [ForkJoinPool-1-worker-1] INFO org.testcontainers.DockerClientFactory -- Checking the system...
23:45:30.515 [ForkJoinPool-1-worker-1] INFO org.testcontainers.DockerClientFactory -- ✔︎ Docker server version should be at least 1.6.0
23:45:30.597 [ForkJoinPool-1-worker-1] INFO org.springframework.boot.test.context.SpringBootTestContextBootstrapper -- Found @SpringBootConfiguration com.example.spring_demo.SpringDemoApplication for test class com.example.spring_demo.integratieTests.ProductControllerTest
23:45:30.662 [ForkJoinPool-1-worker-1] INFO tc.apache/kafka:latest -- Creating container for image: apache/kafka:latest
23:45:30.815 [ForkJoinPool-1-worker-1] INFO tc.testcontainers/ryuk:0.7.0 -- Creating container for image: testcontainers/ryuk:0.7.0
23:45:30.927 [ForkJoinPool-1-worker-1] INFO tc.testcontainers/ryuk:0.7.0 -- Container testcontainers/ryuk:0.7.0 is starting: 8ba4520e0e3e002aaa1263f7206edc805b8b52aee4836593cb77f2df40131448
23:45:31.196 [ForkJoinPool-1-worker-1] INFO tc.testcontainers/ryuk:0.7.0 -- Container testcontainers/ryuk:0.7.0 started in PT0.380369S
23:45:31.229 [ForkJoinPool-1-worker-1] INFO tc.apache/kafka:latest -- Container apache/kafka:latest is starting: 226f96c6532da0689d6699b7e002e0569c0a22d932c1a647cd8c2a7c4ecf656d
23:45:33.134 [ForkJoinPool-1-worker-1] INFO tc.apache/kafka:latest -- Container apache/kafka:latest started in PT2.47186S
23:45:33.134 [ForkJoinPool-1-worker-1] INFO tc.postgres:17-alpine -- Creating container for image: postgres:17-alpine
23:45:33.165 [ForkJoinPool-1-worker-1] INFO tc.postgres:17-alpine -- Container postgres:17-alpine is starting: 571b3b49ca0807784658165989bdd24e8e65fc721951c38f1208e013471662db
23:45:34.139 [ForkJoinPool-1-worker-1] INFO tc.postgres:17-alpine -- Container postgres:17-alpine started in PT1.004763S
23:45:34.140 [ForkJoinPool-1-worker-1] INFO tc.postgres:17-alpine -- Container is started (JDBC URL: jdbc:postgresql://127.0.0.1:52666/test?loggerLevel=OFF)

  .   ____          _            __ _ _
 /\\ / ___'_ __ _ _(_)_ __  __ _ \ \ \ \
( ( )\___ | '_ | '_| | '_ \/ _` | \ \ \ \
 \\/  ___)| |_)| | | | | || (_| |  ) ) ) )
  '  |____| .__|_| |_|_| |_\__, | / / / /
 =========|_|==============|___/=/_/_/_/

 :: Spring Boot ::                (v3.3.5)

2024-11-29T23:45:34.318+01:00  INFO 11615 --- [Spring demo] [Pool-1-worker-1] c.e.s.i.ProductControllerTest            : Starting ProductControllerTest using Java 21.0.4 with PID 11615 (started by stefanvanechtelt in /Users/stefanvanechtelt/Documents/projects/java_magazine_testcontainers/spring-demo/Spring demo)
2024-11-29T23:45:34.319+01:00  INFO 11615 --- [Spring demo] [Pool-1-worker-1] c.e.s.i.ProductControllerTest            : No active profile set, falling back to 1 default profile: "default"
2024-11-29T23:45:34.633+01:00  INFO 11615 --- [Spring demo] [Pool-1-worker-1] .s.d.r.c.RepositoryConfigurationDelegate : Bootstrapping Spring Data JPA repositories in DEFAULT mode.
2024-11-29T23:45:34.660+01:00  INFO 11615 --- [Spring demo] [Pool-1-worker-1] .s.d.r.c.RepositoryConfigurationDelegate : Finished Spring Data repository scanning in 23 ms. Found 1 JPA repository interface.
2024-11-29T23:45:34.911+01:00  INFO 11615 --- [Spring demo] [Pool-1-worker-1] o.hibernate.jpa.internal.util.LogHelper  : HHH000204: Processing PersistenceUnitInfo [name: default]
2024-11-29T23:45:34.939+01:00  INFO 11615 --- [Spring demo] [Pool-1-worker-1] org.hibernate.Version                    : HHH000412: Hibernate ORM core version 6.5.3.Final
2024-11-29T23:45:34.954+01:00  INFO 11615 --- [Spring demo] [Pool-1-worker-1] o.h.c.internal.RegionFactoryInitiator    : HHH000026: Second-level cache disabled
2024-11-29T23:45:35.077+01:00  INFO 11615 --- [Spring demo] [Pool-1-worker-1] o.s.o.j.p.SpringPersistenceUnitInfo      : No LoadTimeWeaver setup: ignoring JPA class transformer
2024-11-29T23:45:35.090+01:00  INFO 11615 --- [Spring demo] [Pool-1-worker-1] com.zaxxer.hikari.HikariDataSource       : HikariPool-1 - Starting...
2024-11-29T23:45:35.199+01:00  INFO 11615 --- [Spring demo] [Pool-1-worker-1] com.zaxxer.hikari.pool.HikariPool        : HikariPool-1 - Added connection org.postgresql.jdbc.PgConnection@9ae6720
2024-11-29T23:45:35.200+01:00  INFO 11615 --- [Spring demo] [Pool-1-worker-1] com.zaxxer.hikari.HikariDataSource       : HikariPool-1 - Start completed.
2024-11-29T23:45:35.830+01:00  INFO 11615 --- [Spring demo] [Pool-1-worker-1] o.h.e.t.j.p.i.JtaPlatformInitiator       : HHH000489: No JTA platform available (set 'hibernate.transaction.jta.platform' to enable JTA platform integration)
2024-11-29T23:45:35.861+01:00  INFO 11615 --- [Spring demo] [Pool-1-worker-1] j.LocalContainerEntityManagerFactoryBean : Initialized JPA EntityManagerFactory for persistence unit 'default'
2024-11-29T23:45:36.038+01:00  WARN 11615 --- [Spring demo] [Pool-1-worker-1] JpaBaseConfiguration$JpaWebConfiguration : spring.jpa.open-in-view is enabled by default. Therefore, database queries may be performed during view rendering. Explicitly configure spring.jpa.open-in-view to disable this warning
2024-11-29T23:45:36.226+01:00  INFO 11615 --- [Spring demo] [Pool-1-worker-1] o.s.b.t.m.w.SpringBootMockServletContext : Initializing Spring TestDispatcherServlet ''
2024-11-29T23:45:36.226+01:00  INFO 11615 --- [Spring demo] [Pool-1-worker-1] o.s.t.web.servlet.TestDispatcherServlet  : Initializing Servlet ''
2024-11-29T23:45:36.227+01:00  INFO 11615 --- [Spring demo] [Pool-1-worker-1] o.s.t.web.servlet.TestDispatcherServlet  : Completed initialization in 1 ms
2024-11-29T23:45:36.242+01:00  INFO 11615 --- [Spring demo] [Pool-1-worker-1] c.e.s.i.ProductControllerTest            : Started ProductControllerTest in 2.072 seconds (process running for 6.604)
]]></system-out>
    <system-err><![CDATA[Nov 29, 2024 11:45:29 PM org.junit.platform.launcher.core.LauncherConfigurationParameters loadClasspathResource
WARNING: Discovered 3 'junit-platform.properties' configuration files in the classpath; only the first will be used.
Nov 29, 2024 11:45:29 PM org.junit.platform.launcher.core.LauncherConfigurationParameters loadClasspathResource
WARNING: Discovered 3 'junit-platform.properties' configuration files in the classpath; only the first will be used.
Nov 29, 2024 11:45:29 PM org.junit.platform.launcher.core.LauncherConfigurationParameters loadClasspathResource
WARNING: Discovered 3 'junit-platform.properties' configuration files in the classpath; only the first will be used.
Nov 29, 2024 11:45:29 PM org.junit.platform.launcher.core.LauncherConfigurationParameters loadClasspathResource
WARNING: Discovered 3 'junit-platform.properties' configuration files in the classpath; only the first will be used.
Nov 29, 2024 11:45:30 PM org.junit.platform.launcher.core.LauncherConfigurationParameters loadClasspathResource
WARNING: Discovered 3 'junit-platform.properties' configuration files in the classpath; only the first will be used.
WARNING: A Java agent has been loaded dynamically (/Users/stefanvanechtelt/.m2/repository/net/bytebuddy/byte-buddy-agent/1.14.19/byte-buddy-agent-1.14.19.jar)
WARNING: If a serviceability tool is in use, please run with -XX:+EnableDynamicAgentLoading to hide this warning
WARNING: If a serviceability tool is not in use, please run with -Djdk.instrument.traceUsage for more information
WARNING: Dynamic loading of agents will be disallowed by default in a future release
]]></system-err>
  </testcase>
  <testcase name="validate_that_when_deleting_item_200_response_is_returned" classname="com.example.spring_demo.integratieTests.ProductControllerTest" time="0.486">
    <system-out><![CDATA[2024-11-29T23:45:36.755+01:00  INFO 11615 --- [Spring demo] [Pool-1-worker-1] c.e.spring_demo.kafka.KafkaProducer      : send topic product payload {"id":1,"name":"test","price":2.0,"description":"description_1"}
2024-11-29T23:45:36.775+01:00  INFO 11615 --- [Spring demo] [Pool-1-worker-1] o.a.k.clients.producer.ProducerConfig    : ProducerConfig values: 
	acks = -1
	auto.include.jmx.reporter = true
	batch.size = 16384
	bootstrap.servers = [127.0.0.1:52655]
	buffer.memory = 33554432
	client.dns.lookup = use_all_dns_ips
	client.id = Spring demo-producer-1
	compression.type = none
	connections.max.idle.ms = 540000
	delivery.timeout.ms = 120000
	enable.idempotence = true
	enable.metrics.push = true
	interceptor.classes = []
	key.serializer = class org.apache.kafka.common.serialization.StringSerializer
	linger.ms = 0
	max.block.ms = 60000
	max.in.flight.requests.per.connection = 5
	max.request.size = 1048576
	metadata.max.age.ms = 300000
	metadata.max.idle.ms = 300000
	metric.reporters = []
	metrics.num.samples = 2
	metrics.recording.level = INFO
	metrics.sample.window.ms = 30000
	partitioner.adaptive.partitioning.enable = true
	partitioner.availability.timeout.ms = 0
	partitioner.class = null
	partitioner.ignore.keys = false
	receive.buffer.bytes = 32768
	reconnect.backoff.max.ms = 1000
	reconnect.backoff.ms = 50
	request.timeout.ms = 30000
	retries = 2147483647
	retry.backoff.max.ms = 1000
	retry.backoff.ms = 100
	sasl.client.callback.handler.class = null
	sasl.jaas.config = null
	sasl.kerberos.kinit.cmd = /usr/bin/kinit
	sasl.kerberos.min.time.before.relogin = 60000
	sasl.kerberos.service.name = null
	sasl.kerberos.ticket.renew.jitter = 0.05
	sasl.kerberos.ticket.renew.window.factor = 0.8
	sasl.login.callback.handler.class = null
	sasl.login.class = null
	sasl.login.connect.timeout.ms = null
	sasl.login.read.timeout.ms = null
	sasl.login.refresh.buffer.seconds = 300
	sasl.login.refresh.min.period.seconds = 60
	sasl.login.refresh.window.factor = 0.8
	sasl.login.refresh.window.jitter = 0.05
	sasl.login.retry.backoff.max.ms = 10000
	sasl.login.retry.backoff.ms = 100
	sasl.mechanism = GSSAPI
	sasl.oauthbearer.clock.skew.seconds = 30
	sasl.oauthbearer.expected.audience = null
	sasl.oauthbearer.expected.issuer = null
	sasl.oauthbearer.jwks.endpoint.refresh.ms = 3600000
	sasl.oauthbearer.jwks.endpoint.retry.backoff.max.ms = 10000
	sasl.oauthbearer.jwks.endpoint.retry.backoff.ms = 100
	sasl.oauthbearer.jwks.endpoint.url = null
	sasl.oauthbearer.scope.claim.name = scope
	sasl.oauthbearer.sub.claim.name = sub
	sasl.oauthbearer.token.endpoint.url = null
	security.protocol = PLAINTEXT
	security.providers = null
	send.buffer.bytes = 131072
	socket.connection.setup.timeout.max.ms = 30000
	socket.connection.setup.timeout.ms = 10000
	ssl.cipher.suites = null
	ssl.enabled.protocols = [TLSv1.2, TLSv1.3]
	ssl.endpoint.identification.algorithm = https
	ssl.engine.factory.class = null
	ssl.key.password = null
	ssl.keymanager.algorithm = SunX509
	ssl.keystore.certificate.chain = null
	ssl.keystore.key = null
	ssl.keystore.location = null
	ssl.keystore.password = null
	ssl.keystore.type = JKS
	ssl.protocol = TLSv1.3
	ssl.provider = null
	ssl.secure.random.implementation = null
	ssl.trustmanager.algorithm = PKIX
	ssl.truststore.certificates = null
	ssl.truststore.location = null
	ssl.truststore.password = null
	ssl.truststore.type = JKS
	transaction.timeout.ms = 60000
	transactional.id = null
	value.serializer = class org.apache.kafka.common.serialization.StringSerializer

2024-11-29T23:45:36.799+01:00  INFO 11615 --- [Spring demo] [Pool-1-worker-1] o.a.k.c.t.i.KafkaMetricsCollector        : initializing Kafka metrics collector
2024-11-29T23:45:36.862+01:00  INFO 11615 --- [Spring demo] [Pool-1-worker-1] o.a.k.clients.producer.KafkaProducer     : [Producer clientId=Spring demo-producer-1] Instantiated an idempotent producer.
2024-11-29T23:45:36.882+01:00  INFO 11615 --- [Spring demo] [Pool-1-worker-1] o.a.kafka.common.utils.AppInfoParser     : Kafka version: 3.7.1
2024-11-29T23:45:36.882+01:00  INFO 11615 --- [Spring demo] [Pool-1-worker-1] o.a.kafka.common.utils.AppInfoParser     : Kafka commitId: e2494e6ffb89f828
2024-11-29T23:45:36.882+01:00  INFO 11615 --- [Spring demo] [Pool-1-worker-1] o.a.kafka.common.utils.AppInfoParser     : Kafka startTimeMs: 1732920336881
2024-11-29T23:45:37.049+01:00  WARN 11615 --- [Spring demo] [demo-producer-1] org.apache.kafka.clients.NetworkClient   : [Producer clientId=Spring demo-producer-1] Error while fetching metadata with correlation id 1 : {product=UNKNOWN_TOPIC_OR_PARTITION}
2024-11-29T23:45:37.049+01:00  INFO 11615 --- [Spring demo] [demo-producer-1] org.apache.kafka.clients.Metadata        : [Producer clientId=Spring demo-producer-1] Cluster ID: 4L6g3nShT-eMCtK--X86sw
2024-11-29T23:45:37.160+01:00  INFO 11615 --- [Spring demo] [demo-producer-1] o.a.k.c.p.internals.TransactionManager   : [Producer clientId=Spring demo-producer-1] ProducerId set to 0 with epoch 0
2024-11-29T23:45:37.203+01:00  INFO 11615 --- [Spring demo] [Pool-1-worker-1] c.e.spring_demo.kafka.KafkaProducer      : send topic product payload {"id":1,"name":null,"price":0.0,"description":null}
]]></system-out>
  </testcase>
  <testcase name="validate_that_when_updating_product_product_is_updated" classname="com.example.spring_demo.integratieTests.ProductControllerTest" time="0.045">
    <system-out><![CDATA[2024-11-29T23:45:37.209+01:00  INFO 11615 --- [Spring demo] [Pool-1-worker-1] c.e.spring_demo.kafka.KafkaProducer      : send topic product payload {"id":2,"name":"test","price":2.0,"description":"description_1"}
2024-11-29T23:45:37.249+01:00  INFO 11615 --- [Spring demo] [Pool-1-worker-1] c.e.spring_demo.kafka.KafkaProducer      : send topic product payload {"id":2,"name":null,"price":0.0,"description":null}
]]></system-out>
  </testcase>
  <testcase name="validate_that_all_result_out_of_database_are_returned" classname="com.example.spring_demo.integratieTests.ProductControllerTest" time="0.017">
    <system-out><![CDATA[2024-11-29T23:45:37.254+01:00  INFO 11615 --- [Spring demo] [Pool-1-worker-1] c.e.spring_demo.kafka.KafkaProducer      : send topic product payload {"id":3,"name":"test_1","price":2.0,"description":"description_1"}
2024-11-29T23:45:37.255+01:00  INFO 11615 --- [Spring demo] [Pool-1-worker-1] c.e.spring_demo.kafka.KafkaProducer      : send topic product payload {"id":4,"name":"test_2","price":1.5,"description":"description_2"}
2024-11-29T23:45:37.256+01:00  INFO 11615 --- [Spring demo] [Pool-1-worker-1] c.e.spring_demo.kafka.KafkaProducer      : send topic product payload {"id":5,"name":"test_3","price":11.3,"description":"description_3"}
2024-11-29T23:45:37.266+01:00  INFO 11615 --- [Spring demo] [Pool-1-worker-1] c.e.spring_demo.kafka.KafkaProducer      : send topic product payload {"id":3,"name":null,"price":0.0,"description":null}
2024-11-29T23:45:37.267+01:00  INFO 11615 --- [Spring demo] [Pool-1-worker-1] c.e.spring_demo.kafka.KafkaProducer      : send topic product payload {"id":4,"name":null,"price":0.0,"description":null}
2024-11-29T23:45:37.268+01:00  INFO 11615 --- [Spring demo] [Pool-1-worker-1] c.e.spring_demo.kafka.KafkaProducer      : send topic product payload {"id":5,"name":null,"price":0.0,"description":null}
]]></system-out>
  </testcase>
  <testcase name="validate_that_when_searching_item_is_saved_and_correct_result_is_returned" classname="com.example.spring_demo.integratieTests.ProductControllerTest" time="0.01">
    <system-out><![CDATA[2024-11-29T23:45:37.274+01:00  INFO 11615 --- [Spring demo] [Pool-1-worker-1] c.e.spring_demo.kafka.KafkaProducer      : send topic product payload {"id":6,"name":"test_name","price":3.3,"description":"description_test"}
2024-11-29T23:45:37.278+01:00  INFO 11615 --- [Spring demo] [Pool-1-worker-1] c.e.spring_demo.kafka.KafkaProducer      : send topic product payload {"id":6,"name":null,"price":0.0,"description":null}
]]></system-out>
  </testcase>
  <testcase name="validate_that_when_trying_to_update_non_existing_product_404_not_found_http_is_returned" classname="com.example.spring_demo.integratieTests.ProductControllerTest" time="0.006"/>
  <testcase name="validate_that_when_searching_on_existing_id_item_is_returend" classname="com.example.spring_demo.integratieTests.ProductControllerTest" time="0.012">
    <system-out><![CDATA[2024-11-29T23:45:37.290+01:00  INFO 11615 --- [Spring demo] [Pool-1-worker-1] c.e.spring_demo.kafka.KafkaProducer      : send topic product payload {"id":7,"name":"test","price":2.0,"description":"description_1"}
2024-11-29T23:45:37.297+01:00  INFO 11615 --- [Spring demo] [Pool-1-worker-1] c.e.spring_demo.kafka.KafkaProducer      : send topic product payload {"id":7,"name":null,"price":0.0,"description":null}
]]></system-out>
  </testcase>
</testsuite>